!	:	3	:	{(d1.txt, 530), (d4.txt, 11), (d7.txt, 96)}
#	:	1	:	{(d11.txt, 1)}
$	:	3	:	{(d1.txt, 2), (d4.txt, 1), (d7.txt, 12)}
&#91;	:	2	:	{(d17.txt, 225), (d6.txt, 16)}
&#93;	:	1	:	{(d2.txt, 7)}
&apos;Ad	:	1	:	{(d17.txt, 1)}
&apos;Aiguillon	:	1	:	{(d10.txt, 9)}
&apos;Alemberts	:	1	:	{(d10.txt, 1)}
&apos;Aremberg	:	1	:	{(d10.txt, 1)}
&apos;Aristocrate	:	1	:	{(d10.txt, 1)}
&apos;Armans	:	1	:	{(d10.txt, 1)}
&apos;Arras	:	1	:	{(d10.txt, 1)}
&apos;Arret	:	1	:	{(d10.txt, 1)}
&apos;Auch	:	1	:	{(d10.txt, 1)}
&apos;Ave	:	1	:	{(d17.txt, 1)}
&apos;Aven	:	1	:	{(d17.txt, 1)}
&apos;Avignon	:	1	:	{(d10.txt, 1)}
&apos;Briar	:	1	:	{(d2.txt, 12)}
&apos;But	:	1	:	{(d10.txt, 2)}
&apos;Connor	:	1	:	{(d1.txt, 1)}
